<?xml version="1.0" encoding="UTF-8"?>
<testng-results ignored="0" total="2" passed="2" failed="0" skipped="0">
  <reporter-output>
  </reporter-output>
  <suite started-at="2022-07-19T14:21:55 EDT" name="Default suite" finished-at="2022-07-19T14:22:09 EDT" duration-ms="14434">
    <groups>
    </groups>
    <test started-at="2022-07-19T14:21:55 EDT" name="Default test" finished-at="2022-07-19T14:22:09 EDT" duration-ms="14434">
      <class name="test.NavigationTest">
        <test-method is-config="true" signature="beforeClass()[pri:0, instance:test.NavigationTest@449a4f23]" started-at="2022-07-19T14:21:55 EDT" name="beforeClass" finished-at="2022-07-19T14:21:59 EDT" duration-ms="3869" status="PASS">
          <reporter-output>
          </reporter-output>
        </test-method> <!-- beforeClass -->
        <test-method signature="getcommands()[pri:0, instance:test.NavigationTest@449a4f23]" started-at="2022-07-19T14:21:59 EDT" name="getcommands" finished-at="2022-07-19T14:21:59 EDT" duration-ms="35" status="PASS">
          <reporter-output>
          </reporter-output>
        </test-method> <!-- getcommands -->
        <test-method signature="navigateto()[pri:0, instance:test.NavigationTest@449a4f23]" started-at="2022-07-19T14:21:59 EDT" name="navigateto" finished-at="2022-07-19T14:22:09 EDT" duration-ms="9722" status="PASS">
          <reporter-output>
          </reporter-output>
        </test-method> <!-- navigateto -->
        <test-method is-config="true" signature="afterClass()[pri:0, instance:test.NavigationTest@449a4f23]" started-at="2022-07-19T14:22:09 EDT" name="afterClass" finished-at="2022-07-19T14:22:09 EDT" duration-ms="752" status="PASS">
          <reporter-output>
          </reporter-output>
        </test-method> <!-- afterClass -->
      </class> <!-- test.NavigationTest -->
    </test> <!-- Default test -->
  </suite> <!-- Default suite -->
</testng-results>
